# JRE version: OpenJDK Runtime Environment (8.0_202-b03) (build 1.8.0_202-release-1483-b03)
# Java VM: OpenJDK 64-Bit Server VM (25.202-b03 mixed mode windows-amd64 compressed oops)
Heap:
 PSYoungGen      total 207360K, used 30509K [0x00000000eab00000, 0x00000000fa880000, 0x0000000100000000)
  eden space 161280K, 10% used [0x00000000eab00000,0x00000000ebc198f8,0x00000000f4880000)
  from space 46080K, 28% used [0x00000000f4880000,0x00000000f5531bf8,0x00000000f7580000)
  to   space 44032K, 0% used [0x00000000f7d80000,0x00000000f7d80000,0x00000000fa880000)
 ParOldGen       total 176640K, used 62038K [0x00000000c0000000, 0x00000000cac80000, 0x00000000eab00000)
  object space 176640K, 35% used [0x00000000c0000000,0x00000000c3c959a0,0x00000000cac80000)
 Metaspace       used 89963K, capacity 95944K, committed 96216K, reserved 1132544K
  class space    used 11502K, capacity 12501K, committed 12544K, reserved 1048576K
GC Heap History (10 events):
Event: 6384.342 GC heap before
{Heap before GC invocations=41 (full 4):
 PSYoungGen      total 189952K, used 158950K [0x00000000eab00000, 0x00000000f8d80000, 0x0000000100000000)
  eden space 152064K, 100% used [0x00000000eab00000,0x00000000f3f80000,0x00000000f3f80000)
  from space 37888K, 18% used [0x00000000f6880000,0x00000000f6f39bd8,0x00000000f8d80000)
  to   space 39936K, 0% used [0x00000000f3f80000,0x00000000f3f80000,0x00000000f6680000)
 ParOldGen       total 176640K, used 62006K [0x00000000c0000000, 0x00000000cac80000, 0x00000000eab00000)
  object space 176640K, 35% used [0x00000000c0000000,0x00000000c3c8d9a0,0x00000000cac80000)
 Metaspace       used 89578K, capacity 95578K, committed 95704K, reserved 1132544K
  class space    used 11486K, capacity 12446K, committed 12544K, reserved 1048576K
Event: 6384.408 GC heap after
Heap after GC invocations=41 (full 4):
 PSYoungGen      total 192000K, used 32188K [0x00000000eab00000, 0x00000000f9d80000, 0x0000000100000000)
  eden space 152064K, 0% used [0x00000000eab00000,0x00000000eab00000,0x00000000f3f80000)
  from space 39936K, 80% used [0x00000000f3f80000,0x00000000f5eef2c8,0x00000000f6680000)
  to   space 43520K, 0% used [0x00000000f7300000,0x00000000f7300000,0x00000000f9d80000)
 ParOldGen       total 176640K, used 62014K [0x00000000c0000000, 0x00000000cac80000, 0x00000000eab00000)
  object space 176640K, 35% used [0x00000000c0000000,0x00000000c3c8f9a0,0x00000000cac80000)
 Metaspace       used 89578K, capacity 95578K, committed 95704K, reserved 1132544K
  class space    used 11486K, capacity 12446K, committed 12544K, reserved 1048576K
}
Event: 6554.751 GC heap before
{Heap before GC invocations=42 (full 4):
 PSYoungGen      total 192000K, used 184252K [0x00000000eab00000, 0x00000000f9d80000, 0x0000000100000000)
  eden space 152064K, 100% used [0x00000000eab00000,0x00000000f3f80000,0x00000000f3f80000)
  from space 39936K, 80% used [0x00000000f3f80000,0x00000000f5eef2c8,0x00000000f6680000)
  to   space 43520K, 0% used [0x00000000f7300000,0x00000000f7300000,0x00000000f9d80000)
 ParOldGen       total 176640K, used 62014K [0x00000000c0000000, 0x00000000cac80000, 0x00000000eab00000)
  object space 176640K, 35% used [0x00000000c0000000,0x00000000c3c8f9a0,0x00000000cac80000)
 Metaspace       used 89743K, capacity 95684K, committed 95960K, reserved 1132544K
  class space    used 11496K, capacity 12463K, committed 12544K, reserved 1048576K
Event: 6554.779 GC heap after
Heap after GC invocations=42 (full 4):
 PSYoungGen      total 199680K, used 20546K [0x00000000eab00000, 0x00000000f9a00000, 0x0000000100000000)
  eden space 159744K, 0% used [0x00000000eab00000,0x00000000eab00000,0x00000000f4700000)
  from space 39936K, 51% used [0x00000000f7300000,0x00000000f8710978,0x00000000f9a00000)
  to   space 42496K, 0% used [0x00000000f4700000,0x00000000f4700000,0x00000000f7080000)
 ParOldGen       total 176640K, used 62022K [0x00000000c0000000, 0x00000000cac80000, 0x00000000eab00000)
  object space 176640K, 35% used [0x00000000c0000000,0x00000000c3c919a0,0x00000000cac80000)
 Metaspace       used 89743K, capacity 95684K, committed 95960K, reserved 1132544K
  class space    used 11496K, capacity 12463K, committed 12544K, reserved 1048576K
}
Event: 7691.601 GC heap before
{Heap before GC invocations=43 (full 4):
 PSYoungGen      total 199680K, used 180290K [0x00000000eab00000, 0x00000000f9a00000, 0x0000000100000000)
  eden space 159744K, 100% used [0x00000000eab00000,0x00000000f4700000,0x00000000f4700000)
  from space 39936K, 51% used [0x00000000f7300000,0x00000000f8710978,0x00000000f9a00000)
  to   space 42496K, 0% used [0x00000000f4700000,0x00000000f4700000,0x00000000f7080000)
 ParOldGen       total 176640K, used 62022K [0x00000000c0000000, 0x00000000cac80000, 0x00000000eab00000)
  object space 176640K, 35% used [0x00000000c0000000,0x00000000c3c919a0,0x00000000cac80000)
 Metaspace       used 89785K, capacity 95786K, committed 95960K, reserved 1132544K
  class space    used 11497K, capacity 12496K, committed 12544K, reserved 1048576K
Event: 7691.622 GC heap after
Heap after GC invocations=43 (full 4):
 PSYoungGen      total 202240K, used 7943K [0x00000000eab00000, 0x00000000f9e00000, 0x0000000100000000)
  eden space 159744K, 0% used [0x00000000eab00000,0x00000000eab00000,0x00000000f4700000)
  from space 42496K, 18% used [0x00000000f4700000,0x00000000f4ec1c50,0x00000000f7080000)
  to   space 41472K, 0% used [0x00000000f7580000,0x00000000f7580000,0x00000000f9e00000)
 ParOldGen       total 176640K, used 62030K [0x00000000c0000000, 0x00000000cac80000, 0x00000000eab00000)
  object space 176640K, 35% used [0x00000000c0000000,0x00000000c3c939a0,0x00000000cac80000)
 Metaspace       used 89785K, capacity 95786K, committed 95960K, reserved 1132544K
  class space    used 11497K, capacity 12496K, committed 12544K, reserved 1048576K
}
Event: 7693.482 GC heap before
{Heap before GC invocations=44 (full 4):
 PSYoungGen      total 202240K, used 167687K [0x00000000eab00000, 0x00000000f9e00000, 0x0000000100000000)
  eden space 159744K, 100% used [0x00000000eab00000,0x00000000f4700000,0x00000000f4700000)
  from space 42496K, 18% used [0x00000000f4700000,0x00000000f4ec1c50,0x00000000f7080000)
  to   space 41472K, 0% used [0x00000000f7580000,0x00000000f7580000,0x00000000f9e00000)
 ParOldGen       total 176640K, used 62030K [0x00000000c0000000, 0x00000000cac80000, 0x00000000eab00000)
  object space 176640K, 35% used [0x00000000c0000000,0x00000000c3c939a0,0x00000000cac80000)
 Metaspace       used 89819K, capacity 95854K, committed 95960K, reserved 1132544K
  class space    used 11497K, capacity 12496K, committed 12544K, reserved 1048576K
Event: 7693.523 GC heap after
Heap after GC invocations=44 (full 4):
 PSYoungGen      total 202752K, used 35061K [0x00000000eab00000, 0x00000000fae00000, 0x0000000100000000)
  eden space 161280K, 0% used [0x00000000eab00000,0x00000000eab00000,0x00000000f4880000)
  from space 41472K, 84% used [0x00000000f7580000,0x00000000f97bd5c8,0x00000000f9e00000)
  to   space 46080K, 0% used [0x00000000f4880000,0x00000000f4880000,0x00000000f7580000)
 ParOldGen       total 176640K, used 62038K [0x00000000c0000000, 0x00000000cac80000, 0x00000000eab00000)
  object space 176640K, 35% used [0x00000000c0000000,0x00000000c3c959a0,0x00000000cac80000)
 Metaspace       used 89819K, capacity 95854K, committed 95960K, reserved 1132544K
  class space    used 11497K, capacity 12496K, committed 12544K, reserved 1048576K
}
Event: 7975.084 GC heap before
{Heap before GC invocations=45 (full 4):
 PSYoungGen      total 202752K, used 196341K [0x00000000eab00000, 0x00000000fae00000, 0x0000000100000000)
  eden space 161280K, 100% used [0x00000000eab00000,0x00000000f4880000,0x00000000f4880000)
  from space 41472K, 84% used [0x00000000f7580000,0x00000000f97bd5c8,0x00000000f9e00000)
  to   space 46080K, 0% used [0x00000000f4880000,0x00000000f4880000,0x00000000f7580000)
 ParOldGen       total 176640K, used 62038K [0x00000000c0000000, 0x00000000cac80000, 0x00000000eab00000)
  object space 176640K, 35% used [0x00000000c0000000,0x00000000c3c959a0,0x00000000cac80000)
 Metaspace       used 89957K, capacity 95932K, committed 96216K, reserved 1132544K
  class space    used 11501K, capacity 12499K, committed 12544K, reserved 1048576K
Event: 7975.120 GC heap after
Heap after GC invocations=45 (full 4):
 PSYoungGen      total 207360K, used 12998K [0x00000000eab00000, 0x00000000fa880000, 0x0000000100000000)
  eden space 161280K, 0% used [0x00000000eab00000,0x00000000eab00000,0x00000000f4880000)
  from space 46080K, 28% used [0x00000000f4880000,0x00000000f5531bf8,0x00000000f7580000)
  to   space 44032K, 0% used [0x00000000f7d80000,0x00000000f7d80000,0x00000000fa880000)
 ParOldGen       total 176640K, used 62038K [0x00000000c0000000, 0x00000000cac80000, 0x00000000eab00000)
  object space 176640K, 35% used [0x00000000c0000000,0x00000000c3c959a0,0x00000000cac80000)
 Metaspace       used 89957K, capacity 95932K, committed 96216K, reserved 1132544K
  class space    used 11501K, capacity 12499K, committed 12544K, reserved 1048576K
}

